QLayout: Attempting to add QLayout "" to KIO::RenameDialog "KIO::RenameDialog", which already has a layout
libpng warning: iCCP: known incorrect sRGB profile
libpng warning: iCCP: known incorrect sRGB profile
libpng warning: iCCP: known incorrect sRGB profile
libpng warning: iCCP: known incorrect sRGB profile
libpng warning: iCCP: known incorrect sRGB profile
libpng warning: iCCP: known incorrect sRGB profile
libpng warning: iCCP: known incorrect sRGB profile
libpng warning: iCCP: known incorrect sRGB profile
libpng warning: iCCP: known incorrect sRGB profile
libpng warning: iCCP: known incorrect sRGB profile
kf.kio.workers.file: copy() QUrl("file:///home/coean/0/dev/projects/remove_files_not_containing_class_from_19/output/images/train2017/.x") to QUrl("file:///home/coean/0/dev/projects/remove_files_not_containing_class_from_19/output/images/val2017/.x") mode= 420
kf.kio.workers.file: the file doesn't have any xattr
kf.kio.workers.file: copy() QUrl("file:///home/coean/0/dev/projects/remove_files_not_containing_class_from_19/output/images/train2017/.x") to QUrl("file:///home/coean/0/dev/projects/remove_files_not_containing_class_from_19/output/labels/train2017/.x") mode= 420
kf.kio.workers.file: the file doesn't have any xattr
kf.kio.workers.file: copy() QUrl("file:///home/coean/0/dev/projects/remove_files_not_containing_class_from_19/output/images/train2017/.x") to QUrl("file:///home/coean/0/dev/projects/remove_files_not_containing_class_from_19/output/labels/val2017/.x") mode= 420
kf.kio.workers.file: the file doesn't have any xattr
kf.kio.workers.file: copy() QUrl("file:///home/coean/0/dev/projects/remove_files_not_containing_class_from_19/output/images/train2017/.x") to QUrl("file:///home/coean/0/dev/projects/remove_files_not_containing_class_from_19/labels/val2017/.x") mode= 420
kf.kio.workers.file: the file doesn't have any xattr
kf.kio.workers.file: copy() QUrl("file:///home/coean/0/dev/projects/remove_files_not_containing_class_from_19/output/images/train2017/.x") to QUrl("file:///home/coean/0/dev/projects/remove_files_not_containing_class_from_19/labels/train2017/.x") mode= 420
kf.kio.workers.file: the file doesn't have any xattr
kf.kio.workers.file: copy() QUrl("file:///home/coean/0/dev/projects/remove_files_not_containing_class_from_19/output/images/train2017/.x") to QUrl("file:///home/coean/0/dev/projects/remove_files_not_containing_class_from_19/images/val2017/.x") mode= 420
kf.kio.workers.file: the file doesn't have any xattr
kf.kio.workers.file: copy() QUrl("file:///home/coean/0/dev/projects/remove_files_not_containing_class_from_19/output/images/train2017/.x") to QUrl("file:///home/coean/0/dev/projects/remove_files_not_containing_class_from_19/images/train2017/.x") mode= 420
kf.kio.workers.file: the file doesn't have any xattr
libpng warning: iCCP: known incorrect sRGB profile
libpng warning: iCCP: known incorrect sRGB profile
libpng warning: iCCP: known incorrect sRGB profile
libpng warning: iCCP: known incorrect sRGB profile
